Generated at 2014-01-11 21:02:06 +0000
NameError: undefined local variable or method `use_inline_resources' for #<Class:0x00000002078828>
/vagrant/chef/cookbooks/conffile/providers/ini.rb:1:in `class_from_file'
/usr/lib/ruby/vendor_ruby/chef/mixin/from_file.rb:42:in `class_eval'
/usr/lib/ruby/vendor_ruby/chef/mixin/from_file.rb:42:in `class_from_file'
/usr/lib/ruby/vendor_ruby/chef/provider.rb:112:in `block in build_from_file'
/usr/lib/ruby/vendor_ruby/chef/provider.rb:94:in `initialize'
/usr/lib/ruby/vendor_ruby/chef/provider.rb:94:in `new'
/usr/lib/ruby/vendor_ruby/chef/provider.rb:94:in `build_from_file'
/usr/lib/ruby/vendor_ruby/chef/run_context.rb:89:in `block in load_lwrp_providers'
/usr/lib/ruby/vendor_ruby/chef/run_context.rb:120:in `call'
/usr/lib/ruby/vendor_ruby/chef/run_context.rb:120:in `block (2 levels) in foreach_cookbook_load_segment'
/usr/lib/ruby/vendor_ruby/chef/run_context.rb:119:in `each'
/usr/lib/ruby/vendor_ruby/chef/run_context.rb:119:in `block in foreach_cookbook_load_segment'
/usr/lib/ruby/vendor_ruby/chef/run_context.rb:117:in `each'
/usr/lib/ruby/vendor_ruby/chef/run_context.rb:117:in `foreach_cookbook_load_segment'
/usr/lib/ruby/vendor_ruby/chef/run_context.rb:87:in `load_lwrp_providers'
/usr/lib/ruby/vendor_ruby/chef/run_context.rb:58:in `load'
/usr/lib/ruby/vendor_ruby/chef/client.rb:199:in `setup_run_context'
/usr/lib/ruby/vendor_ruby/chef/client.rb:162:in `run'
/usr/lib/ruby/vendor_ruby/chef/application/solo.rb:207:in `block in run_application'
/usr/lib/ruby/vendor_ruby/chef/application/solo.rb:195:in `loop'
/usr/lib/ruby/vendor_ruby/chef/application/solo.rb:195:in `run_application'
/usr/lib/ruby/vendor_ruby/chef/application.rb:70:in `run'
/usr/bin/chef-solo:24:in `<main>'